# JRE version: OpenJDK Runtime Environment Temurin-21.0.7+6 (21.0.7+6) (build 21.0.7+6-LTS)
# Java VM: OpenJDK 64-Bit Server VM Temurin-21.0.7+6 (21.0.7+6-LTS, mixed mode, sharing, tiered, compressed oops, compressed class ptrs, g1 gc, windows-amd64)
GC Precious Log:
 CardTable entry size: 512
 Card Set container configuration: InlinePtr #cards 5 size 8 Array Of Cards #cards 12 size 40 Howl #buckets 4 coarsen threshold 1843 Howl Bitmap #cards 512 size 80 coarsen threshold 460 Card regions per heap region 1 cards per card region 2048
 CPUs: 16 total, 16 available
 Memory: 15791M
 Large Page Support: Disabled
 NUMA Support: Disabled
 Compressed Oops: Enabled (32-bit)
 Heap Region Size: 1M
 Heap Min Capacity: 8M
 Heap Initial Capacity: 248M
 Heap Max Capacity: 2G
 Pre-touch: Disabled
 Parallel Workers: 13
 Concurrent Workers: 3
 Concurrent Refinement Workers: 13
 Periodic GC: Disabled
Heap:
 garbage-first heap   total 188416K, used 118169K [0x0000000080000000, 0x0000000100000000)
  region size 1024K, 28 young (28672K), 7 survivors (7168K)
 Metaspace       used 96372K, committed 98688K, reserved 1179648K
  class space    used 13417K, committed 14592K, reserved 1048576K
GC Heap History (20 events):
Event: 13.810 GC heap before
{Heap before GC invocations=20 (full 0):
 garbage-first heap   total 134144K, used 118489K [0x0000000080000000, 0x0000000100000000)
  region size 1024K, 49 young (50176K), 7 survivors (7168K)
 Metaspace       used 72573K, committed 74688K, reserved 1114112K
  class space    used 9987K, committed 11008K, reserved 1048576K
}
Event: 13.815 GC heap after
{Heap after GC invocations=21 (full 0):
 garbage-first heap   total 134144K, used 77604K [0x0000000080000000, 0x0000000100000000)
  region size 1024K, 3 young (3072K), 3 survivors (3072K)
 Metaspace       used 72573K, committed 74688K, reserved 1114112K
  class space    used 9987K, committed 11008K, reserved 1048576K
}
Event: 14.589 GC heap before
{Heap before GC invocations=21 (full 0):
 garbage-first heap   total 134144K, used 121636K [0x0000000080000000, 0x0000000100000000)
  region size 1024K, 46 young (47104K), 3 survivors (3072K)
 Metaspace       used 75774K, committed 77888K, reserved 1179648K
  class space    used 10433K, committed 11520K, reserved 1048576K
}
Event: 14.592 GC heap after
{Heap after GC invocations=22 (full 0):
 garbage-first heap   total 134144K, used 79006K [0x0000000080000000, 0x0000000100000000)
  region size 1024K, 4 young (4096K), 4 survivors (4096K)
 Metaspace       used 75774K, committed 77888K, reserved 1179648K
  class space    used 10433K, committed 11520K, reserved 1048576K
}
Event: 15.264 GC heap before
{Heap before GC invocations=23 (full 0):
 garbage-first heap   total 134144K, used 120990K [0x0000000080000000, 0x0000000100000000)
  region size 1024K, 45 young (46080K), 4 survivors (4096K)
 Metaspace       used 78698K, committed 80896K, reserved 1179648K
  class space    used 10924K, committed 12032K, reserved 1048576K
}
Event: 15.268 GC heap after
{Heap after GC invocations=24 (full 0):
 garbage-first heap   total 134144K, used 80491K [0x0000000080000000, 0x0000000100000000)
  region size 1024K, 4 young (4096K), 4 survivors (4096K)
 Metaspace       used 78698K, committed 80896K, reserved 1179648K
  class space    used 10924K, committed 12032K, reserved 1048576K
}
Event: 15.963 GC heap before
{Heap before GC invocations=24 (full 0):
 garbage-first heap   total 134144K, used 120427K [0x0000000080000000, 0x0000000100000000)
  region size 1024K, 43 young (44032K), 4 survivors (4096K)
 Metaspace       used 81553K, committed 83776K, reserved 1179648K
  class space    used 11378K, committed 12544K, reserved 1048576K
}
Event: 15.968 GC heap after
{Heap after GC invocations=25 (full 0):
 garbage-first heap   total 134144K, used 82070K [0x0000000080000000, 0x0000000100000000)
  region size 1024K, 5 young (5120K), 5 survivors (5120K)
 Metaspace       used 81553K, committed 83776K, reserved 1179648K
  class space    used 11378K, committed 12544K, reserved 1048576K
}
Event: 16.432 GC heap before
{Heap before GC invocations=25 (full 0):
 garbage-first heap   total 134144K, used 119958K [0x0000000080000000, 0x0000000100000000)
  region size 1024K, 42 young (43008K), 5 survivors (5120K)
 Metaspace       used 84433K, committed 86720K, reserved 1179648K
  class space    used 11791K, committed 12992K, reserved 1048576K
}
Event: 16.438 GC heap after
{Heap after GC invocations=26 (full 0):
 garbage-first heap   total 134144K, used 84239K [0x0000000080000000, 0x0000000100000000)
  region size 1024K, 5 young (5120K), 5 survivors (5120K)
 Metaspace       used 84433K, committed 86720K, reserved 1179648K
  class space    used 11791K, committed 12992K, reserved 1048576K
}
Event: 16.910 GC heap before
{Heap before GC invocations=27 (full 0):
 garbage-first heap   total 143360K, used 120079K [0x0000000080000000, 0x0000000100000000)
  region size 1024K, 40 young (40960K), 5 survivors (5120K)
 Metaspace       used 86814K, committed 89216K, reserved 1179648K
  class space    used 12181K, committed 13376K, reserved 1048576K
}
Event: 16.914 GC heap after
{Heap after GC invocations=28 (full 0):
 garbage-first heap   total 143360K, used 85688K [0x0000000080000000, 0x0000000100000000)
  region size 1024K, 4 young (4096K), 4 survivors (4096K)
 Metaspace       used 86814K, committed 89216K, reserved 1179648K
  class space    used 12181K, committed 13376K, reserved 1048576K
}
Event: 17.511 GC heap before
{Heap before GC invocations=28 (full 0):
 garbage-first heap   total 143360K, used 131768K [0x0000000080000000, 0x0000000100000000)
  region size 1024K, 49 young (50176K), 4 survivors (4096K)
 Metaspace       used 90597K, committed 92992K, reserved 1179648K
  class space    used 12660K, committed 13888K, reserved 1048576K
}
Event: 17.517 GC heap after
{Heap after GC invocations=29 (full 0):
 garbage-first heap   total 143360K, used 88000K [0x0000000080000000, 0x0000000100000000)
  region size 1024K, 7 young (7168K), 7 survivors (7168K)
 Metaspace       used 90597K, committed 92992K, reserved 1179648K
  class space    used 12660K, committed 13888K, reserved 1048576K
}
Event: 18.244 GC heap before
{Heap before GC invocations=29 (full 0):
 garbage-first heap   total 143360K, used 127936K [0x0000000080000000, 0x0000000100000000)
  region size 1024K, 46 young (47104K), 7 survivors (7168K)
 Metaspace       used 93588K, committed 95936K, reserved 1179648K
  class space    used 13159K, committed 14336K, reserved 1048576K
}
Event: 18.250 GC heap after
{Heap after GC invocations=30 (full 0):
 garbage-first heap   total 143360K, used 91214K [0x0000000080000000, 0x0000000100000000)
  region size 1024K, 6 young (6144K), 6 survivors (6144K)
 Metaspace       used 93588K, committed 95936K, reserved 1179648K
  class space    used 13159K, committed 14336K, reserved 1048576K
}
Event: 18.645 GC heap before
{Heap before GC invocations=31 (full 0):
 garbage-first heap   total 153600K, used 127054K [0x0000000080000000, 0x0000000100000000)
  region size 1024K, 42 young (43008K), 6 survivors (6144K)
 Metaspace       used 93802K, committed 96192K, reserved 1179648K
  class space    used 13162K, committed 14400K, reserved 1048576K
}
Event: 18.650 GC heap after
{Heap after GC invocations=32 (full 0):
 garbage-first heap   total 153600K, used 94399K [0x0000000080000000, 0x0000000100000000)
  region size 1024K, 4 young (4096K), 4 survivors (4096K)
 Metaspace       used 93802K, committed 96192K, reserved 1179648K
  class space    used 13162K, committed 14400K, reserved 1048576K
}
Event: 19.389 GC heap before
{Heap before GC invocations=32 (full 0):
 garbage-first heap   total 153600K, used 144575K [0x0000000080000000, 0x0000000100000000)
  region size 1024K, 49 young (50176K), 4 survivors (4096K)
 Metaspace       used 95708K, committed 98112K, reserved 1179648K
  class space    used 13326K, committed 14528K, reserved 1048576K
}
Event: 19.397 GC heap after
{Heap after GC invocations=33 (full 0):
 garbage-first heap   total 188416K, used 98713K [0x0000000080000000, 0x0000000100000000)
  region size 1024K, 7 young (7168K), 7 survivors (7168K)
 Metaspace       used 95708K, committed 98112K, reserved 1179648K
  class space    used 13326K, committed 14528K, reserved 1048576K
}

